Case #1: 1 0
Case #2: 1 0
Case #3: 1 1
Case #4: 0 0
Case #5: 500 499
Case #6: 0 0
Case #7: 1 1
Case #8: 0 0
Case #9: 0 0
Case #10: 1 0
Case #11: 0 0
Case #12: 1 0
Case #13: 0 0
Case #14: 0 0
Case #15: 1 1
Case #16: 7 6
Case #17: 0 0
Case #18: 250 249
Case #19: 0 0
Case #20: 3 2
Case #21: 1 0
Case #22: 1 0
Case #23: 0 0
Case #24: 0 0
Case #25: 0 0
Case #26: 3 2
Case #27: 1 1
Case #28: 1 0
Case #29: 1 1
Case #30: 0 0
Case #31: 3 3
Case #32: 0 0
Case #33: 0 0
Case #34: 1 0
Case #35: 1 1
Case #36: 0 0
Case #37: 0 0
Case #38: 0 0
Case #39: 0 0
Case #40: 0 0
Case #41: 3 3
Case #42: 0 0
Case #43: 0 0
Case #44: 1 1
Case #45: 3 3
Case #46: 1 0
Case #47: 1 0
Case #48: 0 0
Case #49: 0 0
Case #50: 3 3
Case #51: 0 0
Case #52: 0 0
Case #53: 1 1
Case #54: 1 0
Case #55: 1 0
Case #56: 0 0
Case #57: 0 0
Case #58: 0 0
Case #59: 0 0
Case #60: 1 0
Case #61: 1 0
Case #62: 3 2
Case #63: 0 0
Case #64: 249 249
Case #65: 1 0
Case #66: 0 0
Case #67: 499 499
Case #68: 0 0
Case #69: 1 1
Case #70: 0 0
Case #71: 0 0
Case #72: 7 6
Case #73: 0 0
Case #74: 1 1
Case #75: 1 0
Case #76: 0 0
Case #77: 0 0
Case #78: 0 0
Case #79: 0 0
Case #80: 2 1
Case #81: 125 124
Case #82: 0 0
Case #83: 0 0
Case #84: 250 249
Case #85: 0 0
Case #86: 1 0
Case #87: 0 0
Case #88: 0 0
Case #89: 0 0
Case #90: 1 1
Case #91: 1 0
Case #92: 1 0
Case #93: 1 0
Case #94: 0 0
Case #95: 0 0
Case #96: 0 0
Case #97: 0 0
Case #98: 3 2
Case #99: 2 2
Case #100: 0 0
