Case #1: 1 0
Case #2: 1 0
Case #3: 1 1
Case #4: 0 0
Case #5: 500 499
Case #6: 0 0
Case #7: 0 0
Case #8: 1 0
Case #9: 0 0
Case #10: 0 0
Case #11: 0 0
Case #12: 1 0
Case #13: 1 0
Case #14: 0 0
Case #15: 1 0
Case #16: 0 0
Case #17: 1 1
Case #18: 1953 1952
Case #19: 250000 249999
Case #20: 1 0
Case #21: 0 0
Case #22: 0 0
Case #23: 0 0
Case #24: 1 1
Case #25: 0 0
Case #26: 0 0
Case #27: 0 0
Case #28: 3 2
Case #29: 2 1
Case #30: 0 0
Case #31: 0 0
Case #32: 1 0
Case #33: 1 1
Case #34: 1 1
Case #35: 0 0
Case #36: 2 2
Case #37: 250000 249999
Case #38: 7812 7811
Case #39: 1 1
Case #40: 0 0
Case #41: 7812 7811
Case #42: 1 0
Case #43: 1 1
Case #44: 1 0
Case #45: 0 0
Case #46: 1 0
Case #47: 0 0
Case #48: 249999 249999
Case #49: 0 0
Case #50: 1 0
Case #51: 1 1
Case #52: 3906 3905
Case #53: 1 1
Case #54: 0 0
Case #55: 0 0
Case #56: 3 2
Case #57: 0 0
Case #58: 0 0
Case #59: 0 0
Case #60: 0 0
Case #61: 0 0
Case #62: 0 0
Case #63: 1 1
Case #64: 0 0
Case #65: 1 0
Case #66: 0 0
Case #67: 3905 3905
Case #68: 0 0
Case #69: 0 0
Case #70: 0 0
Case #71: 0 0
Case #72: 1 0
Case #73: 1 0
Case #74: 0 0
Case #75: 0 0
Case #76: 0 0
Case #77: 0 0
Case #78: 0 0
Case #79: 0 0
Case #80: 0 0
Case #81: 0 0
Case #82: 3906 3905
Case #83: 1 0
Case #84: 0 0
Case #85: 1 0
Case #86: 125000 124999
Case #87: 1 0
Case #88: 1 1
Case #89: 499999 499999
Case #90: 1 0
Case #91: 0 0
Case #92: 0 0
Case #93: 0 0
Case #94: 500000 499999
Case #95: 3 2
Case #96: 1 0
Case #97: 1 0
Case #98: 0 0
Case #99: 0 0
Case #100: 0 0
